<?xml version="1.0" encoding="UTF-8"?>
<!-- Generated by org.testng.reporters.JUnitReportReporter -->
<testsuite hostname="DESKTOP-MEC0EHP" failures="0" tests="1" name="TestClasses.kiteTest" time="3.989" errors="0" timestamp="2022-05-31T19:57:59 IST" skipped="0">
  <testcase classname="TestClasses.kiteTest" name="loginToKiteApp" time="3.989"/>
  <system-out/>
</testsuite> <!-- TestClasses.kiteTest -->
